<?xml version="1.0" encoding="UTF-8"?>
<!-- Generated by org.testng.reporters.JUnitXMLReporter -->
<testsuite ignored="0" hostname="DESKTOP-SC1JBDP" failures="0" tests="12" name="Test" time="0.198" errors="0" timestamp="2023-08-16T16:09:25 IST">
  <testcase classname="textngpack.class3" name="TC4" time="0.014"/>
  <testcase classname="textngpack.class3" name="TC5" time="0.003"/>
  <testcase classname="textngpack.class3" name="TC6" time="0.005"/>
  <testcase classname="textngpack.class2" name="TC4" time="0.002"/>
  <testcase classname="textngpack.class2" name="TC5" time="0.003"/>
  <testcase classname="textngpack.class2" name="TC6" time="0.005"/>
  <testcase classname="textngpack.class1" name="TC4" time="0.004"/>
  <testcase classname="textngpack.class1" name="TC5" time="0.005"/>
  <testcase classname="textngpack.class1" name="TC6" time="0.008"/>
  <testcase classname="textngpack.testcases" name="test3" time="0.002"/>
  <testcase classname="textngpack.testcases" name="testc1" time="0.001"/>
  <testcase classname="textngpack.testcases" name="testc2" time="0.008"/>
</testsuite> <!-- Test -->
