<?xml version="1.0" encoding="UTF-8"?>
<testng-results ignored="0" total="1" passed="1" failed="0" skipped="0">
  <reporter-output>
  </reporter-output>
  <suite started-at="2023-10-11T16:43:13 IST" name="Default suite" finished-at="2023-10-11T16:43:19 IST" duration-ms="6640">
    <groups>
    </groups>
    <test started-at="2023-10-11T16:43:13 IST" name="Default test" finished-at="2023-10-11T16:43:19 IST" duration-ms="6640">
      <class name="creating_data.sample1">
        <test-method signature="m()[pri:0, instance:creating_data.sample1@3f197a46]" started-at="2023-10-11T16:43:13 IST" name="m" finished-at="2023-10-11T16:43:19 IST" duration-ms="6493" status="PASS">
          <reporter-output>
          </reporter-output>
        </test-method> <!-- m -->
      </class> <!-- creating_data.sample1 -->
    </test> <!-- Default test -->
  </suite> <!-- Default suite -->
</testng-results>
