<?xml version="1.0" encoding="UTF-8"?>
<!-- Generated by org.testng.reporters.JUnitXMLReporter -->
<testsuite ignored="0" hostname="DESKTOP-SC1JBDP" failures="0" tests="9" name="Test" time="0.123" errors="0" timestamp="2023-09-05T15:48:56 IST">
  <testcase classname="textngpack.class3" name="TC7" time="0.012"/>
  <testcase classname="textngpack.class3" name="TC8" time="0.002"/>
  <testcase classname="textngpack.class3" name="TC9" time="0.003"/>
  <testcase classname="textngpack.class2" name="TC4" time="0.002"/>
  <testcase classname="textngpack.class2" name="TC5" time="0.002"/>
  <testcase classname="textngpack.class2" name="TC6" time="0.003"/>
  <testcase classname="textngpack.class1" name="TC1" time="0.002"/>
  <testcase classname="textngpack.class1" name="TC2" time="0.001"/>
  <testcase classname="textngpack.class1" name="TC3" time="0.002"/>
</testsuite> <!-- Test -->
